2024-09-18 04:30:00,005 INFO 1455641 [Timer] /home/moradi/Desktop/egg-example/market22/node_modules/egg-multipart/app/schedule/clean_tmpdir.js next time will execute after 86399997ms at 2024-09-19 04:30:00.002
2024-09-18 04:30:00,004 INFO 1455902 [Job#17266212000039263142193088931] /home/moradi/Desktop/egg-example/market22/node_modules/egg-multipart/app/schedule/clean_tmpdir.js executing by app
2024-09-18 04:30:00,007 INFO 1455902 [Job#17266212000039263142193088931] /home/moradi/Desktop/egg-example/market22/node_modules/egg-multipart/app/schedule/clean_tmpdir.js execute succeed, used 3ms. 
2024-09-18 11:13:36,142 INFO 1589762 [egg-schedule]: register schedule /home/moradi/Desktop/egg-example/market22/node_modules/egg-multipart/app/schedule/clean_tmpdir.js
2024-09-18 11:13:36,142 INFO 1589762 [egg-schedule]: register schedule /home/moradi/Desktop/egg-example/market22/node_modules/egg-logrotator/app/schedule/clean_log.js
2024-09-18 11:13:36,142 INFO 1589762 [egg-schedule]: register schedule /home/moradi/Desktop/egg-example/market22/node_modules/egg-logrotator/app/schedule/rotate_by_file.js
2024-09-18 11:15:22,017 INFO 1590081 [egg-schedule]: register schedule /home/moradi/Desktop/egg-example/market22/node_modules/egg-multipart/app/schedule/clean_tmpdir.js
2024-09-18 11:15:22,017 INFO 1590081 [egg-schedule]: register schedule /home/moradi/Desktop/egg-example/market22/node_modules/egg-logrotator/app/schedule/clean_log.js
2024-09-18 11:15:22,018 INFO 1590081 [egg-schedule]: register schedule /home/moradi/Desktop/egg-example/market22/node_modules/egg-logrotator/app/schedule/rotate_by_file.js
2024-09-18 11:15:23,470 INFO 1590120 [egg-schedule]: register schedule /home/moradi/Desktop/egg-example/market22/node_modules/egg-multipart/app/schedule/clean_tmpdir.js
2024-09-18 11:15:23,470 INFO 1590120 [egg-schedule]: register schedule /home/moradi/Desktop/egg-example/market22/node_modules/egg-logrotator/app/schedule/clean_log.js
2024-09-18 11:15:23,470 INFO 1590120 [egg-schedule]: register schedule /home/moradi/Desktop/egg-example/market22/node_modules/egg-logrotator/app/schedule/rotate_by_file.js
2024-09-18 11:15:26,773 INFO 1590203 [egg-schedule]: register schedule /home/moradi/Desktop/egg-example/market22/node_modules/egg-multipart/app/schedule/clean_tmpdir.js
2024-09-18 11:15:26,773 INFO 1590203 [egg-schedule]: register schedule /home/moradi/Desktop/egg-example/market22/node_modules/egg-logrotator/app/schedule/clean_log.js
2024-09-18 11:15:26,773 INFO 1590203 [egg-schedule]: register schedule /home/moradi/Desktop/egg-example/market22/node_modules/egg-logrotator/app/schedule/rotate_by_file.js
2024-09-18 11:15:30,024 INFO 1590253 [egg-schedule]: register schedule /home/moradi/Desktop/egg-example/market22/node_modules/egg-multipart/app/schedule/clean_tmpdir.js
2024-09-18 11:15:30,024 INFO 1590253 [egg-schedule]: register schedule /home/moradi/Desktop/egg-example/market22/node_modules/egg-logrotator/app/schedule/clean_log.js
2024-09-18 11:15:30,024 INFO 1590253 [egg-schedule]: register schedule /home/moradi/Desktop/egg-example/market22/node_modules/egg-logrotator/app/schedule/rotate_by_file.js
2024-09-18 11:15:36,075 INFO 1590311 [egg-schedule]: register schedule /home/moradi/Desktop/egg-example/market22/node_modules/egg-multipart/app/schedule/clean_tmpdir.js
2024-09-18 11:15:36,075 INFO 1590311 [egg-schedule]: register schedule /home/moradi/Desktop/egg-example/market22/node_modules/egg-logrotator/app/schedule/clean_log.js
2024-09-18 11:15:36,075 INFO 1590311 [egg-schedule]: register schedule /home/moradi/Desktop/egg-example/market22/node_modules/egg-logrotator/app/schedule/rotate_by_file.js
2024-09-18 11:16:04,749 INFO 1590453 [egg-schedule]: register schedule /home/moradi/Desktop/egg-example/market22/node_modules/egg-multipart/app/schedule/clean_tmpdir.js
2024-09-18 11:16:04,749 INFO 1590453 [egg-schedule]: register schedule /home/moradi/Desktop/egg-example/market22/node_modules/egg-logrotator/app/schedule/clean_log.js
2024-09-18 11:16:04,749 INFO 1590453 [egg-schedule]: register schedule /home/moradi/Desktop/egg-example/market22/node_modules/egg-logrotator/app/schedule/rotate_by_file.js
2024-09-18 11:16:56,543 INFO 1590625 [egg-schedule]: register schedule /home/moradi/Desktop/egg-example/market22/node_modules/egg-multipart/app/schedule/clean_tmpdir.js
2024-09-18 11:16:56,543 INFO 1590625 [egg-schedule]: register schedule /home/moradi/Desktop/egg-example/market22/node_modules/egg-logrotator/app/schedule/clean_log.js
2024-09-18 11:16:56,543 INFO 1590625 [egg-schedule]: register schedule /home/moradi/Desktop/egg-example/market22/node_modules/egg-logrotator/app/schedule/rotate_by_file.js
2024-09-18 11:18:24,626 INFO 1590914 [egg-schedule]: register schedule /home/moradi/Desktop/egg-example/market22/node_modules/egg-multipart/app/schedule/clean_tmpdir.js
2024-09-18 11:18:24,627 INFO 1590914 [egg-schedule]: register schedule /home/moradi/Desktop/egg-example/market22/node_modules/egg-logrotator/app/schedule/clean_log.js
2024-09-18 11:18:24,627 INFO 1590914 [egg-schedule]: register schedule /home/moradi/Desktop/egg-example/market22/node_modules/egg-logrotator/app/schedule/rotate_by_file.js
2024-09-18 11:18:25,696 INFO 1590943 [egg-schedule]: register schedule /home/moradi/Desktop/egg-example/market22/node_modules/egg-multipart/app/schedule/clean_tmpdir.js
2024-09-18 11:18:25,696 INFO 1590943 [egg-schedule]: register schedule /home/moradi/Desktop/egg-example/market22/node_modules/egg-logrotator/app/schedule/clean_log.js
2024-09-18 11:18:25,696 INFO 1590943 [egg-schedule]: register schedule /home/moradi/Desktop/egg-example/market22/node_modules/egg-logrotator/app/schedule/rotate_by_file.js
2024-09-18 11:18:30,277 INFO 1590977 [egg-schedule]: register schedule /home/moradi/Desktop/egg-example/market22/node_modules/egg-multipart/app/schedule/clean_tmpdir.js
2024-09-18 11:18:30,277 INFO 1590977 [egg-schedule]: register schedule /home/moradi/Desktop/egg-example/market22/node_modules/egg-logrotator/app/schedule/clean_log.js
2024-09-18 11:18:30,277 INFO 1590977 [egg-schedule]: register schedule /home/moradi/Desktop/egg-example/market22/node_modules/egg-logrotator/app/schedule/rotate_by_file.js
2024-09-18 11:18:51,367 INFO 1591093 [egg-schedule]: register schedule /home/moradi/Desktop/egg-example/market22/node_modules/egg-multipart/app/schedule/clean_tmpdir.js
2024-09-18 11:18:51,367 INFO 1591093 [egg-schedule]: register schedule /home/moradi/Desktop/egg-example/market22/node_modules/egg-logrotator/app/schedule/clean_log.js
2024-09-18 11:18:51,367 INFO 1591093 [egg-schedule]: register schedule /home/moradi/Desktop/egg-example/market22/node_modules/egg-logrotator/app/schedule/rotate_by_file.js
2024-09-18 11:18:52,132 INFO 1591113 [egg-schedule]: register schedule /home/moradi/Desktop/egg-example/market22/node_modules/egg-multipart/app/schedule/clean_tmpdir.js
2024-09-18 11:18:52,132 INFO 1591113 [egg-schedule]: register schedule /home/moradi/Desktop/egg-example/market22/node_modules/egg-logrotator/app/schedule/clean_log.js
2024-09-18 11:18:52,132 INFO 1591113 [egg-schedule]: register schedule /home/moradi/Desktop/egg-example/market22/node_modules/egg-logrotator/app/schedule/rotate_by_file.js
2024-09-18 11:19:20,054 INFO 1591218 [egg-schedule]: register schedule /home/moradi/Desktop/egg-example/market22/node_modules/egg-multipart/app/schedule/clean_tmpdir.js
2024-09-18 11:19:20,055 INFO 1591218 [egg-schedule]: register schedule /home/moradi/Desktop/egg-example/market22/node_modules/egg-logrotator/app/schedule/clean_log.js
2024-09-18 11:19:20,055 INFO 1591218 [egg-schedule]: register schedule /home/moradi/Desktop/egg-example/market22/node_modules/egg-logrotator/app/schedule/rotate_by_file.js
2024-09-18 11:19:45,299 INFO 1591370 [egg-schedule]: register schedule /home/moradi/Desktop/egg-example/market22/node_modules/egg-multipart/app/schedule/clean_tmpdir.js
2024-09-18 11:19:45,299 INFO 1591370 [egg-schedule]: register schedule /home/moradi/Desktop/egg-example/market22/node_modules/egg-logrotator/app/schedule/clean_log.js
2024-09-18 11:19:45,299 INFO 1591370 [egg-schedule]: register schedule /home/moradi/Desktop/egg-example/market22/node_modules/egg-logrotator/app/schedule/rotate_by_file.js
2024-09-18 11:19:50,550 INFO 1591424 [egg-schedule]: register schedule /home/moradi/Desktop/egg-example/market22/node_modules/egg-multipart/app/schedule/clean_tmpdir.js
2024-09-18 11:19:50,550 INFO 1591424 [egg-schedule]: register schedule /home/moradi/Desktop/egg-example/market22/node_modules/egg-logrotator/app/schedule/clean_log.js
2024-09-18 11:19:50,550 INFO 1591424 [egg-schedule]: register schedule /home/moradi/Desktop/egg-example/market22/node_modules/egg-logrotator/app/schedule/rotate_by_file.js
2024-09-18 11:19:51,078 INFO 1591437 [egg-schedule]: register schedule /home/moradi/Desktop/egg-example/market22/node_modules/egg-multipart/app/schedule/clean_tmpdir.js
2024-09-18 11:19:51,078 INFO 1591437 [egg-schedule]: register schedule /home/moradi/Desktop/egg-example/market22/node_modules/egg-logrotator/app/schedule/clean_log.js
2024-09-18 11:19:51,078 INFO 1591437 [egg-schedule]: register schedule /home/moradi/Desktop/egg-example/market22/node_modules/egg-logrotator/app/schedule/rotate_by_file.js
2024-09-18 11:20:06,966 INFO 1591580 [egg-schedule]: register schedule /home/moradi/Desktop/egg-example/market22/node_modules/egg-multipart/app/schedule/clean_tmpdir.js
2024-09-18 11:20:06,966 INFO 1591580 [egg-schedule]: register schedule /home/moradi/Desktop/egg-example/market22/node_modules/egg-logrotator/app/schedule/clean_log.js
2024-09-18 11:20:06,966 INFO 1591580 [egg-schedule]: register schedule /home/moradi/Desktop/egg-example/market22/node_modules/egg-logrotator/app/schedule/rotate_by_file.js
2024-09-18 11:20:09,740 INFO 1591628 [egg-schedule]: register schedule /home/moradi/Desktop/egg-example/market22/node_modules/egg-multipart/app/schedule/clean_tmpdir.js
2024-09-18 11:20:09,740 INFO 1591628 [egg-schedule]: register schedule /home/moradi/Desktop/egg-example/market22/node_modules/egg-logrotator/app/schedule/clean_log.js
2024-09-18 11:20:09,740 INFO 1591628 [egg-schedule]: register schedule /home/moradi/Desktop/egg-example/market22/node_modules/egg-logrotator/app/schedule/rotate_by_file.js
2024-09-18 11:20:12,011 INFO 1591669 [egg-schedule]: register schedule /home/moradi/Desktop/egg-example/market22/node_modules/egg-multipart/app/schedule/clean_tmpdir.js
2024-09-18 11:20:12,011 INFO 1591669 [egg-schedule]: register schedule /home/moradi/Desktop/egg-example/market22/node_modules/egg-logrotator/app/schedule/clean_log.js
2024-09-18 11:20:12,011 INFO 1591669 [egg-schedule]: register schedule /home/moradi/Desktop/egg-example/market22/node_modules/egg-logrotator/app/schedule/rotate_by_file.js
2024-09-18 11:20:19,003 INFO 1591807 [Timer] /home/moradi/Desktop/egg-example/market22/node_modules/egg-multipart/app/schedule/clean_tmpdir.js next time will execute after 61781000ms at 2024-09-19 04:30:00.003
2024-09-18 11:20:19,003 INFO 1591807 [Timer] /home/moradi/Desktop/egg-example/market22/node_modules/egg-logrotator/app/schedule/clean_log.js next time will execute after 45580997ms at 2024-09-19 00:00:00.000
2024-09-18 11:20:19,003 INFO 1591807 [Timer] /home/moradi/Desktop/egg-example/market22/node_modules/egg-logrotator/app/schedule/rotate_by_file.js next time will execute after 45581997ms at 2024-09-19 00:00:01.000
2024-09-18 11:20:18,833 INFO 1591820 [egg-schedule]: register schedule /home/moradi/Desktop/egg-example/market22/node_modules/egg-multipart/app/schedule/clean_tmpdir.js
2024-09-18 11:20:18,833 INFO 1591820 [egg-schedule]: register schedule /home/moradi/Desktop/egg-example/market22/node_modules/egg-logrotator/app/schedule/clean_log.js
2024-09-18 11:20:18,833 INFO 1591820 [egg-schedule]: register schedule /home/moradi/Desktop/egg-example/market22/node_modules/egg-logrotator/app/schedule/rotate_by_file.js
2024-09-18 11:21:23,729 INFO 1592056 [egg-schedule]: register schedule /home/moradi/Desktop/egg-example/market22/node_modules/egg-multipart/app/schedule/clean_tmpdir.js
2024-09-18 11:21:23,730 INFO 1592056 [egg-schedule]: register schedule /home/moradi/Desktop/egg-example/market22/node_modules/egg-logrotator/app/schedule/clean_log.js
2024-09-18 11:21:23,730 INFO 1592056 [egg-schedule]: register schedule /home/moradi/Desktop/egg-example/market22/node_modules/egg-logrotator/app/schedule/rotate_by_file.js
2024-09-18 11:21:35,538 INFO 1592185 [egg-schedule]: register schedule /home/moradi/Desktop/egg-example/market22/node_modules/egg-multipart/app/schedule/clean_tmpdir.js
2024-09-18 11:21:35,538 INFO 1592185 [egg-schedule]: register schedule /home/moradi/Desktop/egg-example/market22/node_modules/egg-logrotator/app/schedule/clean_log.js
2024-09-18 11:21:35,538 INFO 1592185 [egg-schedule]: register schedule /home/moradi/Desktop/egg-example/market22/node_modules/egg-logrotator/app/schedule/rotate_by_file.js
2024-09-18 11:37:49,253 INFO 1594419 [egg-schedule]: register schedule /home/moradi/Desktop/egg-example/market22/node_modules/egg-multipart/app/schedule/clean_tmpdir.js
2024-09-18 11:37:49,253 INFO 1594419 [egg-schedule]: register schedule /home/moradi/Desktop/egg-example/market22/node_modules/egg-logrotator/app/schedule/clean_log.js
2024-09-18 11:37:49,253 INFO 1594419 [egg-schedule]: register schedule /home/moradi/Desktop/egg-example/market22/node_modules/egg-logrotator/app/schedule/rotate_by_file.js
2024-09-18 11:37:50,433 INFO 1594448 [egg-schedule]: register schedule /home/moradi/Desktop/egg-example/market22/node_modules/egg-multipart/app/schedule/clean_tmpdir.js
2024-09-18 11:37:50,433 INFO 1594448 [egg-schedule]: register schedule /home/moradi/Desktop/egg-example/market22/node_modules/egg-logrotator/app/schedule/clean_log.js
2024-09-18 11:37:50,433 INFO 1594448 [egg-schedule]: register schedule /home/moradi/Desktop/egg-example/market22/node_modules/egg-logrotator/app/schedule/rotate_by_file.js
2024-09-18 11:37:52,200 INFO 1594484 [egg-schedule]: register schedule /home/moradi/Desktop/egg-example/market22/node_modules/egg-multipart/app/schedule/clean_tmpdir.js
2024-09-18 11:37:52,201 INFO 1594484 [egg-schedule]: register schedule /home/moradi/Desktop/egg-example/market22/node_modules/egg-logrotator/app/schedule/clean_log.js
2024-09-18 11:37:52,201 INFO 1594484 [egg-schedule]: register schedule /home/moradi/Desktop/egg-example/market22/node_modules/egg-logrotator/app/schedule/rotate_by_file.js
2024-09-18 11:40:39,282 INFO 1595035 [Timer] /home/moradi/Desktop/egg-example/market22/node_modules/egg-multipart/app/schedule/clean_tmpdir.js next time will execute after 60560721ms at 2024-09-19 04:30:00.003
2024-09-18 11:40:39,282 INFO 1595035 [Timer] /home/moradi/Desktop/egg-example/market22/node_modules/egg-logrotator/app/schedule/clean_log.js next time will execute after 44360718ms at 2024-09-19 00:00:00.000
2024-09-18 11:40:39,283 INFO 1595035 [Timer] /home/moradi/Desktop/egg-example/market22/node_modules/egg-logrotator/app/schedule/rotate_by_file.js next time will execute after 44361718ms at 2024-09-19 00:00:01.001
2024-09-18 11:40:39,105 INFO 1595046 [egg-schedule]: register schedule /home/moradi/Desktop/egg-example/market22/node_modules/egg-multipart/app/schedule/clean_tmpdir.js
2024-09-18 11:40:39,105 INFO 1595046 [egg-schedule]: register schedule /home/moradi/Desktop/egg-example/market22/node_modules/egg-logrotator/app/schedule/clean_log.js
2024-09-18 11:40:39,105 INFO 1595046 [egg-schedule]: register schedule /home/moradi/Desktop/egg-example/market22/node_modules/egg-logrotator/app/schedule/rotate_by_file.js
2024-09-18 11:41:49,607 INFO 1595351 [egg-schedule]: register schedule /home/moradi/Desktop/egg-example/market22/node_modules/egg-multipart/app/schedule/clean_tmpdir.js
2024-09-18 11:41:49,607 INFO 1595351 [egg-schedule]: register schedule /home/moradi/Desktop/egg-example/market22/node_modules/egg-logrotator/app/schedule/clean_log.js
2024-09-18 11:41:49,607 INFO 1595351 [egg-schedule]: register schedule /home/moradi/Desktop/egg-example/market22/node_modules/egg-logrotator/app/schedule/rotate_by_file.js
2024-09-18 11:41:55,078 INFO 1595414 [egg-schedule]: register schedule /home/moradi/Desktop/egg-example/market22/node_modules/egg-multipart/app/schedule/clean_tmpdir.js
2024-09-18 11:41:55,078 INFO 1595414 [egg-schedule]: register schedule /home/moradi/Desktop/egg-example/market22/node_modules/egg-logrotator/app/schedule/clean_log.js
2024-09-18 11:41:55,078 INFO 1595414 [egg-schedule]: register schedule /home/moradi/Desktop/egg-example/market22/node_modules/egg-logrotator/app/schedule/rotate_by_file.js
2024-09-18 11:41:55,946 INFO 1595442 [egg-schedule]: register schedule /home/moradi/Desktop/egg-example/market22/node_modules/egg-multipart/app/schedule/clean_tmpdir.js
2024-09-18 11:41:55,947 INFO 1595442 [egg-schedule]: register schedule /home/moradi/Desktop/egg-example/market22/node_modules/egg-logrotator/app/schedule/clean_log.js
2024-09-18 11:41:55,947 INFO 1595442 [egg-schedule]: register schedule /home/moradi/Desktop/egg-example/market22/node_modules/egg-logrotator/app/schedule/rotate_by_file.js
2024-09-18 11:42:23,706 INFO 1595564 [egg-schedule]: register schedule /home/moradi/Desktop/egg-example/market22/node_modules/egg-multipart/app/schedule/clean_tmpdir.js
2024-09-18 11:42:23,706 INFO 1595564 [egg-schedule]: register schedule /home/moradi/Desktop/egg-example/market22/node_modules/egg-logrotator/app/schedule/clean_log.js
2024-09-18 11:42:23,706 INFO 1595564 [egg-schedule]: register schedule /home/moradi/Desktop/egg-example/market22/node_modules/egg-logrotator/app/schedule/rotate_by_file.js
2024-09-18 11:42:25,006 INFO 1595594 [egg-schedule]: register schedule /home/moradi/Desktop/egg-example/market22/node_modules/egg-multipart/app/schedule/clean_tmpdir.js
2024-09-18 11:42:25,007 INFO 1595594 [egg-schedule]: register schedule /home/moradi/Desktop/egg-example/market22/node_modules/egg-logrotator/app/schedule/clean_log.js
2024-09-18 11:42:25,007 INFO 1595594 [egg-schedule]: register schedule /home/moradi/Desktop/egg-example/market22/node_modules/egg-logrotator/app/schedule/rotate_by_file.js
2024-09-18 11:42:29,621 INFO 1595637 [egg-schedule]: register schedule /home/moradi/Desktop/egg-example/market22/node_modules/egg-multipart/app/schedule/clean_tmpdir.js
2024-09-18 11:42:29,621 INFO 1595637 [egg-schedule]: register schedule /home/moradi/Desktop/egg-example/market22/node_modules/egg-logrotator/app/schedule/clean_log.js
2024-09-18 11:42:29,621 INFO 1595637 [egg-schedule]: register schedule /home/moradi/Desktop/egg-example/market22/node_modules/egg-logrotator/app/schedule/rotate_by_file.js
2024-09-18 11:42:30,555 INFO 1595667 [egg-schedule]: register schedule /home/moradi/Desktop/egg-example/market22/node_modules/egg-multipart/app/schedule/clean_tmpdir.js
2024-09-18 11:42:30,555 INFO 1595667 [egg-schedule]: register schedule /home/moradi/Desktop/egg-example/market22/node_modules/egg-logrotator/app/schedule/clean_log.js
2024-09-18 11:42:30,555 INFO 1595667 [egg-schedule]: register schedule /home/moradi/Desktop/egg-example/market22/node_modules/egg-logrotator/app/schedule/rotate_by_file.js
2024-09-18 11:42:33,816 INFO 1595703 [egg-schedule]: register schedule /home/moradi/Desktop/egg-example/market22/node_modules/egg-multipart/app/schedule/clean_tmpdir.js
2024-09-18 11:42:33,817 INFO 1595703 [egg-schedule]: register schedule /home/moradi/Desktop/egg-example/market22/node_modules/egg-logrotator/app/schedule/clean_log.js
2024-09-18 11:42:33,817 INFO 1595703 [egg-schedule]: register schedule /home/moradi/Desktop/egg-example/market22/node_modules/egg-logrotator/app/schedule/rotate_by_file.js
2024-09-18 11:42:34,352 INFO 1595720 [egg-schedule]: register schedule /home/moradi/Desktop/egg-example/market22/node_modules/egg-multipart/app/schedule/clean_tmpdir.js
2024-09-18 11:42:34,353 INFO 1595720 [egg-schedule]: register schedule /home/moradi/Desktop/egg-example/market22/node_modules/egg-logrotator/app/schedule/clean_log.js
2024-09-18 11:42:34,353 INFO 1595720 [egg-schedule]: register schedule /home/moradi/Desktop/egg-example/market22/node_modules/egg-logrotator/app/schedule/rotate_by_file.js
2024-09-18 11:45:46,369 INFO 1596244 [egg-schedule]: register schedule /home/moradi/Desktop/egg-example/market22/node_modules/egg-multipart/app/schedule/clean_tmpdir.js
2024-09-18 11:45:46,369 INFO 1596244 [egg-schedule]: register schedule /home/moradi/Desktop/egg-example/market22/node_modules/egg-logrotator/app/schedule/clean_log.js
2024-09-18 11:45:46,369 INFO 1596244 [egg-schedule]: register schedule /home/moradi/Desktop/egg-example/market22/node_modules/egg-logrotator/app/schedule/rotate_by_file.js
2024-09-18 11:45:54,791 INFO 1596333 [egg-schedule]: register schedule /home/moradi/Desktop/egg-example/market22/node_modules/egg-multipart/app/schedule/clean_tmpdir.js
2024-09-18 11:45:54,791 INFO 1596333 [egg-schedule]: register schedule /home/moradi/Desktop/egg-example/market22/node_modules/egg-logrotator/app/schedule/clean_log.js
2024-09-18 11:45:54,791 INFO 1596333 [egg-schedule]: register schedule /home/moradi/Desktop/egg-example/market22/node_modules/egg-logrotator/app/schedule/rotate_by_file.js
2024-09-18 11:46:24,124 INFO 1596486 [egg-schedule]: register schedule /home/moradi/Desktop/egg-example/market22/node_modules/egg-multipart/app/schedule/clean_tmpdir.js
2024-09-18 11:46:24,124 INFO 1596486 [egg-schedule]: register schedule /home/moradi/Desktop/egg-example/market22/node_modules/egg-logrotator/app/schedule/clean_log.js
2024-09-18 11:46:24,124 INFO 1596486 [egg-schedule]: register schedule /home/moradi/Desktop/egg-example/market22/node_modules/egg-logrotator/app/schedule/rotate_by_file.js
2024-09-18 11:46:39,842 INFO 1596614 [egg-schedule]: register schedule /home/moradi/Desktop/egg-example/market22/node_modules/egg-multipart/app/schedule/clean_tmpdir.js
2024-09-18 11:46:39,842 INFO 1596614 [egg-schedule]: register schedule /home/moradi/Desktop/egg-example/market22/node_modules/egg-logrotator/app/schedule/clean_log.js
2024-09-18 11:46:39,842 INFO 1596614 [egg-schedule]: register schedule /home/moradi/Desktop/egg-example/market22/node_modules/egg-logrotator/app/schedule/rotate_by_file.js
2024-09-18 11:46:41,129 INFO 1596642 [egg-schedule]: register schedule /home/moradi/Desktop/egg-example/market22/node_modules/egg-multipart/app/schedule/clean_tmpdir.js
2024-09-18 11:46:41,129 INFO 1596642 [egg-schedule]: register schedule /home/moradi/Desktop/egg-example/market22/node_modules/egg-logrotator/app/schedule/clean_log.js
2024-09-18 11:46:41,129 INFO 1596642 [egg-schedule]: register schedule /home/moradi/Desktop/egg-example/market22/node_modules/egg-logrotator/app/schedule/rotate_by_file.js
2024-09-18 11:47:25,605 INFO 1596795 [egg-schedule]: register schedule /home/moradi/Desktop/egg-example/market22/node_modules/egg-multipart/app/schedule/clean_tmpdir.js
2024-09-18 11:47:25,605 INFO 1596795 [egg-schedule]: register schedule /home/moradi/Desktop/egg-example/market22/node_modules/egg-logrotator/app/schedule/clean_log.js
2024-09-18 11:47:25,605 INFO 1596795 [egg-schedule]: register schedule /home/moradi/Desktop/egg-example/market22/node_modules/egg-logrotator/app/schedule/rotate_by_file.js
2024-09-18 11:47:57,149 INFO 1597036 [egg-schedule]: register schedule /home/moradi/Desktop/egg-example/market22/node_modules/egg-multipart/app/schedule/clean_tmpdir.js
2024-09-18 11:47:57,149 INFO 1597036 [egg-schedule]: register schedule /home/moradi/Desktop/egg-example/market22/node_modules/egg-logrotator/app/schedule/clean_log.js
2024-09-18 11:47:57,149 INFO 1597036 [egg-schedule]: register schedule /home/moradi/Desktop/egg-example/market22/node_modules/egg-logrotator/app/schedule/rotate_by_file.js
2024-09-18 11:47:57,680 INFO 1597050 [egg-schedule]: register schedule /home/moradi/Desktop/egg-example/market22/node_modules/egg-multipart/app/schedule/clean_tmpdir.js
2024-09-18 11:47:57,680 INFO 1597050 [egg-schedule]: register schedule /home/moradi/Desktop/egg-example/market22/node_modules/egg-logrotator/app/schedule/clean_log.js
2024-09-18 11:47:57,680 INFO 1597050 [egg-schedule]: register schedule /home/moradi/Desktop/egg-example/market22/node_modules/egg-logrotator/app/schedule/rotate_by_file.js
2024-09-18 11:49:23,569 INFO 1597315 [egg-schedule]: register schedule /home/moradi/Desktop/egg-example/market22/node_modules/egg-multipart/app/schedule/clean_tmpdir.js
2024-09-18 11:49:23,569 INFO 1597315 [egg-schedule]: register schedule /home/moradi/Desktop/egg-example/market22/node_modules/egg-logrotator/app/schedule/clean_log.js
2024-09-18 11:49:23,569 INFO 1597315 [egg-schedule]: register schedule /home/moradi/Desktop/egg-example/market22/node_modules/egg-logrotator/app/schedule/rotate_by_file.js
2024-09-18 11:49:24,674 INFO 1597341 [egg-schedule]: register schedule /home/moradi/Desktop/egg-example/market22/node_modules/egg-multipart/app/schedule/clean_tmpdir.js
2024-09-18 11:49:24,674 INFO 1597341 [egg-schedule]: register schedule /home/moradi/Desktop/egg-example/market22/node_modules/egg-logrotator/app/schedule/clean_log.js
2024-09-18 11:49:24,674 INFO 1597341 [egg-schedule]: register schedule /home/moradi/Desktop/egg-example/market22/node_modules/egg-logrotator/app/schedule/rotate_by_file.js
2024-09-18 11:50:45,557 INFO 1597671 [egg-schedule]: register schedule /home/moradi/Desktop/egg-example/market22/node_modules/egg-multipart/app/schedule/clean_tmpdir.js
2024-09-18 11:50:45,557 INFO 1597671 [egg-schedule]: register schedule /home/moradi/Desktop/egg-example/market22/node_modules/egg-logrotator/app/schedule/clean_log.js
2024-09-18 11:50:45,557 INFO 1597671 [egg-schedule]: register schedule /home/moradi/Desktop/egg-example/market22/node_modules/egg-logrotator/app/schedule/rotate_by_file.js
2024-09-18 11:50:46,435 INFO 1597693 [egg-schedule]: register schedule /home/moradi/Desktop/egg-example/market22/node_modules/egg-multipart/app/schedule/clean_tmpdir.js
2024-09-18 11:50:46,435 INFO 1597693 [egg-schedule]: register schedule /home/moradi/Desktop/egg-example/market22/node_modules/egg-logrotator/app/schedule/clean_log.js
2024-09-18 11:50:46,435 INFO 1597693 [egg-schedule]: register schedule /home/moradi/Desktop/egg-example/market22/node_modules/egg-logrotator/app/schedule/rotate_by_file.js
2024-09-18 11:52:10,418 INFO 1597988 [egg-schedule]: register schedule /home/moradi/Desktop/egg-example/market22/node_modules/egg-multipart/app/schedule/clean_tmpdir.js
2024-09-18 11:52:10,418 INFO 1597988 [egg-schedule]: register schedule /home/moradi/Desktop/egg-example/market22/node_modules/egg-logrotator/app/schedule/clean_log.js
2024-09-18 11:52:10,418 INFO 1597988 [egg-schedule]: register schedule /home/moradi/Desktop/egg-example/market22/node_modules/egg-logrotator/app/schedule/rotate_by_file.js
2024-09-18 11:52:41,975 INFO 1598162 [egg-schedule]: register schedule /home/moradi/Desktop/egg-example/market22/node_modules/egg-multipart/app/schedule/clean_tmpdir.js
2024-09-18 11:52:41,975 INFO 1598162 [egg-schedule]: register schedule /home/moradi/Desktop/egg-example/market22/node_modules/egg-logrotator/app/schedule/clean_log.js
2024-09-18 11:52:41,975 INFO 1598162 [egg-schedule]: register schedule /home/moradi/Desktop/egg-example/market22/node_modules/egg-logrotator/app/schedule/rotate_by_file.js
2024-09-18 11:52:43,011 INFO 1598181 [egg-schedule]: register schedule /home/moradi/Desktop/egg-example/market22/node_modules/egg-multipart/app/schedule/clean_tmpdir.js
2024-09-18 11:52:43,012 INFO 1598181 [egg-schedule]: register schedule /home/moradi/Desktop/egg-example/market22/node_modules/egg-logrotator/app/schedule/clean_log.js
2024-09-18 11:52:43,012 INFO 1598181 [egg-schedule]: register schedule /home/moradi/Desktop/egg-example/market22/node_modules/egg-logrotator/app/schedule/rotate_by_file.js
2024-09-18 11:52:43,786 INFO 1598210 [egg-schedule]: register schedule /home/moradi/Desktop/egg-example/market22/node_modules/egg-multipart/app/schedule/clean_tmpdir.js
2024-09-18 11:52:43,787 INFO 1598210 [egg-schedule]: register schedule /home/moradi/Desktop/egg-example/market22/node_modules/egg-logrotator/app/schedule/clean_log.js
2024-09-18 11:52:43,787 INFO 1598210 [egg-schedule]: register schedule /home/moradi/Desktop/egg-example/market22/node_modules/egg-logrotator/app/schedule/rotate_by_file.js
2024-09-18 11:53:00,183 INFO 1598292 [egg-schedule]: register schedule /home/moradi/Desktop/egg-example/market22/node_modules/egg-multipart/app/schedule/clean_tmpdir.js
2024-09-18 11:53:00,183 INFO 1598292 [egg-schedule]: register schedule /home/moradi/Desktop/egg-example/market22/node_modules/egg-logrotator/app/schedule/clean_log.js
2024-09-18 11:53:00,183 INFO 1598292 [egg-schedule]: register schedule /home/moradi/Desktop/egg-example/market22/node_modules/egg-logrotator/app/schedule/rotate_by_file.js
2024-09-18 11:53:01,395 INFO 1598322 [egg-schedule]: register schedule /home/moradi/Desktop/egg-example/market22/node_modules/egg-multipart/app/schedule/clean_tmpdir.js
2024-09-18 11:53:01,395 INFO 1598322 [egg-schedule]: register schedule /home/moradi/Desktop/egg-example/market22/node_modules/egg-logrotator/app/schedule/clean_log.js
2024-09-18 11:53:01,395 INFO 1598322 [egg-schedule]: register schedule /home/moradi/Desktop/egg-example/market22/node_modules/egg-logrotator/app/schedule/rotate_by_file.js
2024-09-18 11:53:17,685 INFO 1598408 [egg-schedule]: register schedule /home/moradi/Desktop/egg-example/market22/node_modules/egg-multipart/app/schedule/clean_tmpdir.js
2024-09-18 11:53:17,686 INFO 1598408 [egg-schedule]: register schedule /home/moradi/Desktop/egg-example/market22/node_modules/egg-logrotator/app/schedule/clean_log.js
2024-09-18 11:53:17,686 INFO 1598408 [egg-schedule]: register schedule /home/moradi/Desktop/egg-example/market22/node_modules/egg-logrotator/app/schedule/rotate_by_file.js
2024-09-18 11:53:19,055 INFO 1598436 [egg-schedule]: register schedule /home/moradi/Desktop/egg-example/market22/node_modules/egg-multipart/app/schedule/clean_tmpdir.js
2024-09-18 11:53:19,055 INFO 1598436 [egg-schedule]: register schedule /home/moradi/Desktop/egg-example/market22/node_modules/egg-logrotator/app/schedule/clean_log.js
2024-09-18 11:53:19,055 INFO 1598436 [egg-schedule]: register schedule /home/moradi/Desktop/egg-example/market22/node_modules/egg-logrotator/app/schedule/rotate_by_file.js
2024-09-18 11:53:20,558 INFO 1598464 [egg-schedule]: register schedule /home/moradi/Desktop/egg-example/market22/node_modules/egg-multipart/app/schedule/clean_tmpdir.js
2024-09-18 11:53:20,558 INFO 1598464 [egg-schedule]: register schedule /home/moradi/Desktop/egg-example/market22/node_modules/egg-logrotator/app/schedule/clean_log.js
2024-09-18 11:53:20,558 INFO 1598464 [egg-schedule]: register schedule /home/moradi/Desktop/egg-example/market22/node_modules/egg-logrotator/app/schedule/rotate_by_file.js
2024-09-18 11:53:26,698 INFO 1598557 [egg-schedule]: register schedule /home/moradi/Desktop/egg-example/market22/node_modules/egg-multipart/app/schedule/clean_tmpdir.js
2024-09-18 11:53:26,698 INFO 1598557 [egg-schedule]: register schedule /home/moradi/Desktop/egg-example/market22/node_modules/egg-logrotator/app/schedule/clean_log.js
2024-09-18 11:53:26,698 INFO 1598557 [egg-schedule]: register schedule /home/moradi/Desktop/egg-example/market22/node_modules/egg-logrotator/app/schedule/rotate_by_file.js
2024-09-18 11:53:27,714 INFO 1598573 [egg-schedule]: register schedule /home/moradi/Desktop/egg-example/market22/node_modules/egg-multipart/app/schedule/clean_tmpdir.js
2024-09-18 11:53:27,714 INFO 1598573 [egg-schedule]: register schedule /home/moradi/Desktop/egg-example/market22/node_modules/egg-logrotator/app/schedule/clean_log.js
2024-09-18 11:53:27,714 INFO 1598573 [egg-schedule]: register schedule /home/moradi/Desktop/egg-example/market22/node_modules/egg-logrotator/app/schedule/rotate_by_file.js
2024-09-18 11:53:32,302 INFO 1598627 [egg-schedule]: register schedule /home/moradi/Desktop/egg-example/market22/node_modules/egg-multipart/app/schedule/clean_tmpdir.js
2024-09-18 11:53:32,302 INFO 1598627 [egg-schedule]: register schedule /home/moradi/Desktop/egg-example/market22/node_modules/egg-logrotator/app/schedule/clean_log.js
2024-09-18 11:53:32,302 INFO 1598627 [egg-schedule]: register schedule /home/moradi/Desktop/egg-example/market22/node_modules/egg-logrotator/app/schedule/rotate_by_file.js
2024-09-18 11:53:34,115 INFO 1598655 [egg-schedule]: register schedule /home/moradi/Desktop/egg-example/market22/node_modules/egg-multipart/app/schedule/clean_tmpdir.js
2024-09-18 11:53:34,115 INFO 1598655 [egg-schedule]: register schedule /home/moradi/Desktop/egg-example/market22/node_modules/egg-logrotator/app/schedule/clean_log.js
2024-09-18 11:53:34,115 INFO 1598655 [egg-schedule]: register schedule /home/moradi/Desktop/egg-example/market22/node_modules/egg-logrotator/app/schedule/rotate_by_file.js
2024-09-18 11:54:47,663 INFO 1598872 [egg-schedule]: register schedule /home/moradi/Desktop/egg-example/market22/node_modules/egg-multipart/app/schedule/clean_tmpdir.js
2024-09-18 11:54:47,663 INFO 1598872 [egg-schedule]: register schedule /home/moradi/Desktop/egg-example/market22/node_modules/egg-logrotator/app/schedule/clean_log.js
2024-09-18 11:54:47,663 INFO 1598872 [egg-schedule]: register schedule /home/moradi/Desktop/egg-example/market22/node_modules/egg-logrotator/app/schedule/rotate_by_file.js
2024-09-18 11:55:07,606 INFO 1598970 [egg-schedule]: register schedule /home/moradi/Desktop/egg-example/market22/node_modules/egg-multipart/app/schedule/clean_tmpdir.js
2024-09-18 11:55:07,607 INFO 1598970 [egg-schedule]: register schedule /home/moradi/Desktop/egg-example/market22/node_modules/egg-logrotator/app/schedule/clean_log.js
2024-09-18 11:55:07,607 INFO 1598970 [egg-schedule]: register schedule /home/moradi/Desktop/egg-example/market22/node_modules/egg-logrotator/app/schedule/rotate_by_file.js
2024-09-18 11:55:51,804 INFO 1599214 [egg-schedule]: register schedule /home/moradi/Desktop/egg-example/market22/node_modules/egg-multipart/app/schedule/clean_tmpdir.js
2024-09-18 11:55:51,805 INFO 1599214 [egg-schedule]: register schedule /home/moradi/Desktop/egg-example/market22/node_modules/egg-logrotator/app/schedule/clean_log.js
2024-09-18 11:55:51,805 INFO 1599214 [egg-schedule]: register schedule /home/moradi/Desktop/egg-example/market22/node_modules/egg-logrotator/app/schedule/rotate_by_file.js
2024-09-18 11:55:54,979 INFO 1599263 [egg-schedule]: register schedule /home/moradi/Desktop/egg-example/market22/node_modules/egg-multipart/app/schedule/clean_tmpdir.js
2024-09-18 11:55:54,979 INFO 1599263 [egg-schedule]: register schedule /home/moradi/Desktop/egg-example/market22/node_modules/egg-logrotator/app/schedule/clean_log.js
2024-09-18 11:55:54,979 INFO 1599263 [egg-schedule]: register schedule /home/moradi/Desktop/egg-example/market22/node_modules/egg-logrotator/app/schedule/rotate_by_file.js
2024-09-18 11:55:56,690 INFO 1599280 [egg-schedule]: register schedule /home/moradi/Desktop/egg-example/market22/node_modules/egg-multipart/app/schedule/clean_tmpdir.js
2024-09-18 11:55:56,690 INFO 1599280 [egg-schedule]: register schedule /home/moradi/Desktop/egg-example/market22/node_modules/egg-logrotator/app/schedule/clean_log.js
2024-09-18 11:55:56,690 INFO 1599280 [egg-schedule]: register schedule /home/moradi/Desktop/egg-example/market22/node_modules/egg-logrotator/app/schedule/rotate_by_file.js
2024-09-18 11:55:59,378 INFO 1599326 [egg-schedule]: register schedule /home/moradi/Desktop/egg-example/market22/node_modules/egg-multipart/app/schedule/clean_tmpdir.js
2024-09-18 11:55:59,379 INFO 1599326 [egg-schedule]: register schedule /home/moradi/Desktop/egg-example/market22/node_modules/egg-logrotator/app/schedule/clean_log.js
2024-09-18 11:55:59,379 INFO 1599326 [egg-schedule]: register schedule /home/moradi/Desktop/egg-example/market22/node_modules/egg-logrotator/app/schedule/rotate_by_file.js
2024-09-18 11:56:01,855 INFO 1599340 [egg-schedule]: register schedule /home/moradi/Desktop/egg-example/market22/node_modules/egg-multipart/app/schedule/clean_tmpdir.js
2024-09-18 11:56:01,855 INFO 1599340 [egg-schedule]: register schedule /home/moradi/Desktop/egg-example/market22/node_modules/egg-logrotator/app/schedule/clean_log.js
2024-09-18 11:56:01,855 INFO 1599340 [egg-schedule]: register schedule /home/moradi/Desktop/egg-example/market22/node_modules/egg-logrotator/app/schedule/rotate_by_file.js
2024-09-18 11:56:20,082 INFO 1599442 [egg-schedule]: register schedule /home/moradi/Desktop/egg-example/market22/node_modules/egg-multipart/app/schedule/clean_tmpdir.js
2024-09-18 11:56:20,082 INFO 1599442 [egg-schedule]: register schedule /home/moradi/Desktop/egg-example/market22/node_modules/egg-logrotator/app/schedule/clean_log.js
2024-09-18 11:56:20,082 INFO 1599442 [egg-schedule]: register schedule /home/moradi/Desktop/egg-example/market22/node_modules/egg-logrotator/app/schedule/rotate_by_file.js
2024-09-18 11:56:22,406 INFO 1599509 [egg-schedule]: register schedule /home/moradi/Desktop/egg-example/market22/node_modules/egg-multipart/app/schedule/clean_tmpdir.js
2024-09-18 11:56:22,406 INFO 1599509 [egg-schedule]: register schedule /home/moradi/Desktop/egg-example/market22/node_modules/egg-logrotator/app/schedule/clean_log.js
2024-09-18 11:56:22,406 INFO 1599509 [egg-schedule]: register schedule /home/moradi/Desktop/egg-example/market22/node_modules/egg-logrotator/app/schedule/rotate_by_file.js
2024-09-18 11:56:23,879 INFO 1599522 [egg-schedule]: register schedule /home/moradi/Desktop/egg-example/market22/node_modules/egg-multipart/app/schedule/clean_tmpdir.js
2024-09-18 11:56:23,880 INFO 1599522 [egg-schedule]: register schedule /home/moradi/Desktop/egg-example/market22/node_modules/egg-logrotator/app/schedule/clean_log.js
2024-09-18 11:56:23,880 INFO 1599522 [egg-schedule]: register schedule /home/moradi/Desktop/egg-example/market22/node_modules/egg-logrotator/app/schedule/rotate_by_file.js
2024-09-18 11:56:24,457 INFO 1599535 [egg-schedule]: register schedule /home/moradi/Desktop/egg-example/market22/node_modules/egg-multipart/app/schedule/clean_tmpdir.js
2024-09-18 11:56:24,457 INFO 1599535 [egg-schedule]: register schedule /home/moradi/Desktop/egg-example/market22/node_modules/egg-logrotator/app/schedule/clean_log.js
2024-09-18 11:56:24,457 INFO 1599535 [egg-schedule]: register schedule /home/moradi/Desktop/egg-example/market22/node_modules/egg-logrotator/app/schedule/rotate_by_file.js
2024-09-18 11:56:56,471 INFO 1599648 [egg-schedule]: register schedule /home/moradi/Desktop/egg-example/market22/node_modules/egg-multipart/app/schedule/clean_tmpdir.js
2024-09-18 11:56:56,472 INFO 1599648 [egg-schedule]: register schedule /home/moradi/Desktop/egg-example/market22/node_modules/egg-logrotator/app/schedule/clean_log.js
2024-09-18 11:56:56,472 INFO 1599648 [egg-schedule]: register schedule /home/moradi/Desktop/egg-example/market22/node_modules/egg-logrotator/app/schedule/rotate_by_file.js
2024-09-18 11:56:58,221 INFO 1599661 [egg-schedule]: register schedule /home/moradi/Desktop/egg-example/market22/node_modules/egg-multipart/app/schedule/clean_tmpdir.js
2024-09-18 11:56:58,222 INFO 1599661 [egg-schedule]: register schedule /home/moradi/Desktop/egg-example/market22/node_modules/egg-logrotator/app/schedule/clean_log.js
2024-09-18 11:56:58,222 INFO 1599661 [egg-schedule]: register schedule /home/moradi/Desktop/egg-example/market22/node_modules/egg-logrotator/app/schedule/rotate_by_file.js
2024-09-18 11:57:04,925 INFO 1599751 [egg-schedule]: register schedule /home/moradi/Desktop/egg-example/market22/node_modules/egg-multipart/app/schedule/clean_tmpdir.js
2024-09-18 11:57:04,925 INFO 1599751 [egg-schedule]: register schedule /home/moradi/Desktop/egg-example/market22/node_modules/egg-logrotator/app/schedule/clean_log.js
2024-09-18 11:57:04,925 INFO 1599751 [egg-schedule]: register schedule /home/moradi/Desktop/egg-example/market22/node_modules/egg-logrotator/app/schedule/rotate_by_file.js
2024-09-18 11:57:07,191 INFO 1599770 [egg-schedule]: register schedule /home/moradi/Desktop/egg-example/market22/node_modules/egg-multipart/app/schedule/clean_tmpdir.js
2024-09-18 11:57:07,191 INFO 1599770 [egg-schedule]: register schedule /home/moradi/Desktop/egg-example/market22/node_modules/egg-logrotator/app/schedule/clean_log.js
2024-09-18 11:57:07,191 INFO 1599770 [egg-schedule]: register schedule /home/moradi/Desktop/egg-example/market22/node_modules/egg-logrotator/app/schedule/rotate_by_file.js
2024-09-18 11:57:18,560 INFO 1599866 [egg-schedule]: register schedule /home/moradi/Desktop/egg-example/market22/node_modules/egg-multipart/app/schedule/clean_tmpdir.js
2024-09-18 11:57:18,561 INFO 1599866 [egg-schedule]: register schedule /home/moradi/Desktop/egg-example/market22/node_modules/egg-logrotator/app/schedule/clean_log.js
2024-09-18 11:57:18,561 INFO 1599866 [egg-schedule]: register schedule /home/moradi/Desktop/egg-example/market22/node_modules/egg-logrotator/app/schedule/rotate_by_file.js
2024-09-18 11:57:20,379 INFO 1599895 [egg-schedule]: register schedule /home/moradi/Desktop/egg-example/market22/node_modules/egg-multipart/app/schedule/clean_tmpdir.js
2024-09-18 11:57:20,379 INFO 1599895 [egg-schedule]: register schedule /home/moradi/Desktop/egg-example/market22/node_modules/egg-logrotator/app/schedule/clean_log.js
2024-09-18 11:57:20,379 INFO 1599895 [egg-schedule]: register schedule /home/moradi/Desktop/egg-example/market22/node_modules/egg-logrotator/app/schedule/rotate_by_file.js
2024-09-18 11:57:25,473 INFO 1599945 [egg-schedule]: register schedule /home/moradi/Desktop/egg-example/market22/node_modules/egg-multipart/app/schedule/clean_tmpdir.js
2024-09-18 11:57:25,473 INFO 1599945 [egg-schedule]: register schedule /home/moradi/Desktop/egg-example/market22/node_modules/egg-logrotator/app/schedule/clean_log.js
2024-09-18 11:57:25,473 INFO 1599945 [egg-schedule]: register schedule /home/moradi/Desktop/egg-example/market22/node_modules/egg-logrotator/app/schedule/rotate_by_file.js
2024-09-18 11:57:27,943 INFO 1600019 [egg-schedule]: register schedule /home/moradi/Desktop/egg-example/market22/node_modules/egg-multipart/app/schedule/clean_tmpdir.js
2024-09-18 11:57:27,943 INFO 1600019 [egg-schedule]: register schedule /home/moradi/Desktop/egg-example/market22/node_modules/egg-logrotator/app/schedule/clean_log.js
2024-09-18 11:57:27,943 INFO 1600019 [egg-schedule]: register schedule /home/moradi/Desktop/egg-example/market22/node_modules/egg-logrotator/app/schedule/rotate_by_file.js
2024-09-18 11:57:28,987 INFO 1600032 [egg-schedule]: register schedule /home/moradi/Desktop/egg-example/market22/node_modules/egg-multipart/app/schedule/clean_tmpdir.js
2024-09-18 11:57:28,987 INFO 1600032 [egg-schedule]: register schedule /home/moradi/Desktop/egg-example/market22/node_modules/egg-logrotator/app/schedule/clean_log.js
2024-09-18 11:57:28,987 INFO 1600032 [egg-schedule]: register schedule /home/moradi/Desktop/egg-example/market22/node_modules/egg-logrotator/app/schedule/rotate_by_file.js
2024-09-18 11:57:39,866 INFO 1600156 [egg-schedule]: register schedule /home/moradi/Desktop/egg-example/market22/node_modules/egg-multipart/app/schedule/clean_tmpdir.js
2024-09-18 11:57:39,866 INFO 1600156 [egg-schedule]: register schedule /home/moradi/Desktop/egg-example/market22/node_modules/egg-logrotator/app/schedule/clean_log.js
2024-09-18 11:57:39,866 INFO 1600156 [egg-schedule]: register schedule /home/moradi/Desktop/egg-example/market22/node_modules/egg-logrotator/app/schedule/rotate_by_file.js
2024-09-18 11:57:46,500 INFO 1600234 [egg-schedule]: register schedule /home/moradi/Desktop/egg-example/market22/node_modules/egg-multipart/app/schedule/clean_tmpdir.js
2024-09-18 11:57:46,500 INFO 1600234 [egg-schedule]: register schedule /home/moradi/Desktop/egg-example/market22/node_modules/egg-logrotator/app/schedule/clean_log.js
2024-09-18 11:57:46,500 INFO 1600234 [egg-schedule]: register schedule /home/moradi/Desktop/egg-example/market22/node_modules/egg-logrotator/app/schedule/rotate_by_file.js
2024-09-18 11:57:53,094 INFO 1600310 [egg-schedule]: register schedule /home/moradi/Desktop/egg-example/market22/node_modules/egg-multipart/app/schedule/clean_tmpdir.js
2024-09-18 11:57:53,094 INFO 1600310 [egg-schedule]: register schedule /home/moradi/Desktop/egg-example/market22/node_modules/egg-logrotator/app/schedule/clean_log.js
2024-09-18 11:57:53,094 INFO 1600310 [egg-schedule]: register schedule /home/moradi/Desktop/egg-example/market22/node_modules/egg-logrotator/app/schedule/rotate_by_file.js
2024-09-18 11:57:54,765 INFO 1600324 [egg-schedule]: register schedule /home/moradi/Desktop/egg-example/market22/node_modules/egg-multipart/app/schedule/clean_tmpdir.js
2024-09-18 11:57:54,765 INFO 1600324 [egg-schedule]: register schedule /home/moradi/Desktop/egg-example/market22/node_modules/egg-logrotator/app/schedule/clean_log.js
2024-09-18 11:57:54,765 INFO 1600324 [egg-schedule]: register schedule /home/moradi/Desktop/egg-example/market22/node_modules/egg-logrotator/app/schedule/rotate_by_file.js
2024-09-18 11:58:02,810 INFO 1600424 [egg-schedule]: register schedule /home/moradi/Desktop/egg-example/market22/node_modules/egg-multipart/app/schedule/clean_tmpdir.js
2024-09-18 11:58:02,811 INFO 1600424 [egg-schedule]: register schedule /home/moradi/Desktop/egg-example/market22/node_modules/egg-logrotator/app/schedule/clean_log.js
2024-09-18 11:58:02,811 INFO 1600424 [egg-schedule]: register schedule /home/moradi/Desktop/egg-example/market22/node_modules/egg-logrotator/app/schedule/rotate_by_file.js
2024-09-18 11:58:07,550 INFO 1600472 [egg-schedule]: register schedule /home/moradi/Desktop/egg-example/market22/node_modules/egg-multipart/app/schedule/clean_tmpdir.js
2024-09-18 11:58:07,550 INFO 1600472 [egg-schedule]: register schedule /home/moradi/Desktop/egg-example/market22/node_modules/egg-logrotator/app/schedule/clean_log.js
2024-09-18 11:58:07,550 INFO 1600472 [egg-schedule]: register schedule /home/moradi/Desktop/egg-example/market22/node_modules/egg-logrotator/app/schedule/rotate_by_file.js
2024-09-18 11:58:13,095 INFO 1600526 [egg-schedule]: register schedule /home/moradi/Desktop/egg-example/market22/node_modules/egg-multipart/app/schedule/clean_tmpdir.js
2024-09-18 11:58:13,095 INFO 1600526 [egg-schedule]: register schedule /home/moradi/Desktop/egg-example/market22/node_modules/egg-logrotator/app/schedule/clean_log.js
2024-09-18 11:58:13,095 INFO 1600526 [egg-schedule]: register schedule /home/moradi/Desktop/egg-example/market22/node_modules/egg-logrotator/app/schedule/rotate_by_file.js
2024-09-18 11:58:19,495 INFO 1600583 [egg-schedule]: register schedule /home/moradi/Desktop/egg-example/market22/node_modules/egg-multipart/app/schedule/clean_tmpdir.js
2024-09-18 11:58:19,495 INFO 1600583 [egg-schedule]: register schedule /home/moradi/Desktop/egg-example/market22/node_modules/egg-logrotator/app/schedule/clean_log.js
2024-09-18 11:58:19,495 INFO 1600583 [egg-schedule]: register schedule /home/moradi/Desktop/egg-example/market22/node_modules/egg-logrotator/app/schedule/rotate_by_file.js
2024-09-18 11:58:21,109 INFO 1600596 [egg-schedule]: register schedule /home/moradi/Desktop/egg-example/market22/node_modules/egg-multipart/app/schedule/clean_tmpdir.js
2024-09-18 11:58:21,109 INFO 1600596 [egg-schedule]: register schedule /home/moradi/Desktop/egg-example/market22/node_modules/egg-logrotator/app/schedule/clean_log.js
2024-09-18 11:58:21,109 INFO 1600596 [egg-schedule]: register schedule /home/moradi/Desktop/egg-example/market22/node_modules/egg-logrotator/app/schedule/rotate_by_file.js
